E:\SP PROGRAMMING\204101001_VOWELRECOGNITION\DEBUG\TASK.EXE
E:\SP PROGRAMMING\204101001_VOWELRECOGNITION\DEBUG\TASK.ILK
E:\SP PROGRAMMING\204101001_VOWELRECOGNITION\DEBUG\TASK.PDB
E:\SP Programming\204101001_vowelRecognition\Task\Debug\cl.command.1.tlog
E:\SP Programming\204101001_vowelRecognition\Task\Debug\CL.read.1.tlog
E:\SP Programming\204101001_vowelRecognition\Task\Debug\CL.write.1.tlog
E:\SP Programming\204101001_vowelRecognition\Task\Debug\link.15020.read.1.tlog
E:\SP Programming\204101001_vowelRecognition\Task\Debug\link.15020.write.1.tlog
E:\SP Programming\204101001_vowelRecognition\Task\Debug\link.15020-cvtres.read.1.tlog
E:\SP Programming\204101001_vowelRecognition\Task\Debug\link.15020-cvtres.write.1.tlog
E:\SP Programming\204101001_vowelRecognition\Task\Debug\link.command.1.tlog
E:\SP Programming\204101001_vowelRecognition\Task\Debug\link.read.1.tlog
E:\SP Programming\204101001_vowelRecognition\Task\Debug\link.write.1.tlog
E:\SP Programming\204101001_vowelRecognition\Task\Debug\link-cvtres.read.1.tlog
E:\SP Programming\204101001_vowelRecognition\Task\Debug\link-cvtres.write.1.tlog
E:\SP Programming\204101001_vowelRecognition\Task\Debug\mt.command.1.tlog
E:\SP Programming\204101001_vowelRecognition\Task\Debug\mt.read.1.tlog
E:\SP Programming\204101001_vowelRecognition\Task\Debug\mt.write.1.tlog
E:\SP Programming\204101001_vowelRecognition\Task\Debug\rc.command.1.tlog
E:\SP Programming\204101001_vowelRecognition\Task\Debug\rc.read.1.tlog
E:\SP Programming\204101001_vowelRecognition\Task\Debug\rc.write.1.tlog
E:\SP PROGRAMMING\204101001_VOWELRECOGNITION\TASK\DEBUG\STDAFX.OBJ
E:\SP PROGRAMMING\204101001_VOWELRECOGNITION\TASK\DEBUG\TASK.EXE.EMBED.MANIFEST
E:\SP PROGRAMMING\204101001_VOWELRECOGNITION\TASK\DEBUG\TASK.EXE.EMBED.MANIFEST.RES
E:\SP PROGRAMMING\204101001_VOWELRECOGNITION\TASK\DEBUG\TASK.EXE.INTERMEDIATE.MANIFEST
E:\SP PROGRAMMING\204101001_VOWELRECOGNITION\TASK\DEBUG\TASK.OBJ
E:\SP PROGRAMMING\204101001_VOWELRECOGNITION\TASK\DEBUG\TASK.PCH
E:\SP Programming\204101001_vowelRecognition\Task\Debug\Task.write.1.tlog
E:\SP Programming\204101001_vowelRecognition\Task\Debug\Task_manifest.rc
E:\SP Programming\204101001_vowelRecognition\Task\Debug\vc100.idb
E:\SP PROGRAMMING\204101001_VOWELRECOGNITION\TASK\DEBUG\VC100.PDB
