Build started 10/16/2020 8:27:43 PM.
     1>Project "E:\SP Programming\Assignment\Assignment\Assignment.vcxproj" on node 2 (build target(s)).
     1>InitializeBuildStatus:
         Creating "Debug\Assignment.unsuccessfulbuild" because "AlwaysCreate" was specified.
       ClCompile:
         All outputs are up-to-date.
         C:\Program Files (x86)\Microsoft Visual Studio 10.0\VC\bin\CL.exe /c /ZI /nologo /W3 /WX- /Od /Oy- /D WIN32 /D _DEBUG /D _CONSOLE /D _UNICODE /D UNICODE /Gm /EHsc /RTC1 /MDd /GS /fp:precise /Zc:wchar_t /Zc:forScope /Yu"StdAfx.h" /Fp"Debug\Assignment.pch" /Fo"Debug\\" /Fd"Debug\vc100.pdb" /Gd /TP /analyze- /errorReport:prompt Assignment.cpp
         Assignment.cpp
     1>e:\sp programming\assignment\assignment\assignment.cpp(66): warning C4018: '<' : signed/unsigned mismatch
     1>e:\sp programming\assignment\assignment\assignment.cpp(90): warning C4018: '<' : signed/unsigned mismatch
       ManifestResourceCompile:
         All outputs are up-to-date.
       Link:
         C:\Program Files (x86)\Microsoft Visual Studio 10.0\VC\bin\link.exe /ERRORREPORT:PROMPT /OUT:"E:\SP Programming\Assignment\Debug\Assignment.exe" /INCREMENTAL /NOLOGO kernel32.lib user32.lib gdi32.lib winspool.lib comdlg32.lib advapi32.lib shell32.lib ole32.lib oleaut32.lib uuid.lib odbc32.lib odbccp32.lib /MANIFEST /ManifestFile:"Debug\Assignment.exe.intermediate.manifest" /MANIFESTUAC:"level='asInvoker' uiAccess='false'" /DEBUG /PDB:"E:\SP Programming\Assignment\Debug\Assignment.pdb" /SUBSYSTEM:CONSOLE /TLBID:1 /DYNAMICBASE /NXCOMPAT /IMPLIB:"E:\SP Programming\Assignment\Debug\Assignment.lib" /MACHINE:X86 Debug\Assignment.exe.embed.manifest.res
         Debug\Assignment.obj
         Debug\stdafx.obj
       Manifest:
         C:\Program Files (x86)\Microsoft SDKs\Windows\v7.0A\bin\mt.exe /nologo /verbose /out:"Debug\Assignment.exe.embed.manifest" /manifest Debug\Assignment.exe.intermediate.manifest
         All outputs are up-to-date.
       LinkEmbedManifest:
         All outputs are up-to-date.
         Assignment.vcxproj -> E:\SP Programming\Assignment\Debug\Assignment.exe
       FinalizeBuildStatus:
         Deleting file "Debug\Assignment.unsuccessfulbuild".
         Touching "Debug\Assignment.lastbuildstate".
     1>Done Building Project "E:\SP Programming\Assignment\Assignment\Assignment.vcxproj" (build target(s)).

Build succeeded.

Time Elapsed 00:00:01.32
