E:\SP PROGRAMMING\LBG\DEBUG\LBG.EXE
E:\SP PROGRAMMING\LBG\DEBUG\LBG.ILK
E:\SP PROGRAMMING\LBG\DEBUG\LBG.PDB
E:\SP Programming\LBG\LBG\Debug\cl.command.1.tlog
E:\SP Programming\LBG\LBG\Debug\CL.read.1.tlog
E:\SP Programming\LBG\LBG\Debug\CL.write.1.tlog
E:\SP PROGRAMMING\LBG\LBG\DEBUG\LBG.EXE.EMBED.MANIFEST
E:\SP PROGRAMMING\LBG\LBG\DEBUG\LBG.EXE.EMBED.MANIFEST.RES
E:\SP PROGRAMMING\LBG\LBG\DEBUG\LBG.EXE.INTERMEDIATE.MANIFEST
E:\SP PROGRAMMING\LBG\LBG\DEBUG\LBG.OBJ
E:\SP PROGRAMMING\LBG\LBG\DEBUG\LBG.PCH
E:\SP Programming\LBG\LBG\Debug\LBG.write.1.tlog
E:\SP Programming\LBG\LBG\Debug\LBG_manifest.rc
E:\SP Programming\LBG\LBG\Debug\link.9772.read.1.tlog
E:\SP Programming\LBG\LBG\Debug\link.9772.write.1.tlog
E:\SP Programming\LBG\LBG\Debug\link.9772-cvtres.read.1.tlog
E:\SP Programming\LBG\LBG\Debug\link.9772-cvtres.write.1.tlog
E:\SP Programming\LBG\LBG\Debug\link.command.1.tlog
E:\SP Programming\LBG\LBG\Debug\link.read.1.tlog
E:\SP Programming\LBG\LBG\Debug\link.write.1.tlog
E:\SP Programming\LBG\LBG\Debug\link-cvtres.read.1.tlog
E:\SP Programming\LBG\LBG\Debug\link-cvtres.write.1.tlog
E:\SP Programming\LBG\LBG\Debug\mt.command.1.tlog
E:\SP Programming\LBG\LBG\Debug\mt.read.1.tlog
E:\SP Programming\LBG\LBG\Debug\mt.write.1.tlog
E:\SP Programming\LBG\LBG\Debug\rc.command.1.tlog
E:\SP Programming\LBG\LBG\Debug\rc.read.1.tlog
E:\SP Programming\LBG\LBG\Debug\rc.write.1.tlog
E:\SP PROGRAMMING\LBG\LBG\DEBUG\STDAFX.OBJ
E:\SP Programming\LBG\LBG\Debug\vc100.idb
E:\SP PROGRAMMING\LBG\LBG\DEBUG\VC100.PDB
