Build started 9/25/2020 12:14:47 PM.
     1>Project "E:\SP Programming\Assignment1\Assignment1\Assignment1.vcxproj" on node 2 (build target(s)).
     1>InitializeBuildStatus:
         Creating "Debug\Assignment1.unsuccessfulbuild" because "AlwaysCreate" was specified.
       ClCompile:
         All outputs are up-to-date.
         C:\Program Files (x86)\Microsoft Visual Studio 10.0\VC\bin\CL.exe /c /ZI /nologo /W3 /WX- /Od /Oy- /D WIN32 /D _DEBUG /D _CONSOLE /D _UNICODE /D UNICODE /Gm /EHsc /RTC1 /MDd /GS /fp:precise /Zc:wchar_t /Zc:forScope /Yu"StdAfx.h" /Fp"Debug\Assignment1.pch" /Fo"Debug\\" /Fd"Debug\vc100.pdb" /Gd /TP /analyze- /errorReport:prompt Assignment1.cpp
         Assignment1.cpp
     1>e:\sp programming\assignment1\assignment1\assignment1.cpp(65): warning C4018: '<' : signed/unsigned mismatch
     1>e:\sp programming\assignment1\assignment1\assignment1.cpp(89): warning C4018: '<' : signed/unsigned mismatch
       ManifestResourceCompile:
         All outputs are up-to-date.
       Link:
         C:\Program Files (x86)\Microsoft Visual Studio 10.0\VC\bin\link.exe /ERRORREPORT:PROMPT /OUT:"E:\SP Programming\Assignment1\Debug\Assignment1.exe" /INCREMENTAL /NOLOGO kernel32.lib user32.lib gdi32.lib winspool.lib comdlg32.lib advapi32.lib shell32.lib ole32.lib oleaut32.lib uuid.lib odbc32.lib odbccp32.lib /MANIFEST /ManifestFile:"Debug\Assignment1.exe.intermediate.manifest" /MANIFESTUAC:"level='asInvoker' uiAccess='false'" /DEBUG /PDB:"E:\SP Programming\Assignment1\Debug\Assignment1.pdb" /SUBSYSTEM:CONSOLE /TLBID:1 /DYNAMICBASE /NXCOMPAT /IMPLIB:"E:\SP Programming\Assignment1\Debug\Assignment1.lib" /MACHINE:X86 Debug\Assignment1.exe.embed.manifest.res
         Debug\Assignment1.obj
         Debug\stdafx.obj
       Manifest:
         C:\Program Files (x86)\Microsoft SDKs\Windows\v7.0A\bin\mt.exe /nologo /verbose /out:"Debug\Assignment1.exe.embed.manifest" /manifest Debug\Assignment1.exe.intermediate.manifest
         All outputs are up-to-date.
       LinkEmbedManifest:
         All outputs are up-to-date.
         Assignment1.vcxproj -> E:\SP Programming\Assignment1\Debug\Assignment1.exe
       FinalizeBuildStatus:
         Deleting file "Debug\Assignment1.unsuccessfulbuild".
         Touching "Debug\Assignment1.lastbuildstate".
     1>Done Building Project "E:\SP Programming\Assignment1\Assignment1\Assignment1.vcxproj" (build target(s)).

Build succeeded.

Time Elapsed 00:00:01.16
