E:\SP PROGRAMMING\ASSIGNMENT1\ASSIGNMENT1\DEBUG\ASSIGNMENT1.EXE.EMBED.MANIFEST
E:\SP PROGRAMMING\ASSIGNMENT1\ASSIGNMENT1\DEBUG\ASSIGNMENT1.EXE.EMBED.MANIFEST.RES
E:\SP PROGRAMMING\ASSIGNMENT1\ASSIGNMENT1\DEBUG\ASSIGNMENT1.EXE.INTERMEDIATE.MANIFEST
E:\SP PROGRAMMING\ASSIGNMENT1\ASSIGNMENT1\DEBUG\ASSIGNMENT1.OBJ
E:\SP PROGRAMMING\ASSIGNMENT1\ASSIGNMENT1\DEBUG\ASSIGNMENT1.PCH
E:\SP Programming\Assignment1\Assignment1\Debug\Assignment1.vcxprojResolveAssemblyReference.cache
E:\SP Programming\Assignment1\Assignment1\Debug\Assignment1.write.1.tlog
E:\SP Programming\Assignment1\Assignment1\Debug\Assignment1_manifest.rc
E:\SP Programming\Assignment1\Assignment1\Debug\cl.command.1.tlog
E:\SP Programming\Assignment1\Assignment1\Debug\CL.read.1.tlog
E:\SP Programming\Assignment1\Assignment1\Debug\CL.write.1.tlog
E:\SP Programming\Assignment1\Assignment1\Debug\link.10960.read.1.tlog
E:\SP Programming\Assignment1\Assignment1\Debug\link.10960.write.1.tlog
E:\SP Programming\Assignment1\Assignment1\Debug\link.10960-cvtres.read.1.tlog
E:\SP Programming\Assignment1\Assignment1\Debug\link.10960-cvtres.write.1.tlog
E:\SP Programming\Assignment1\Assignment1\Debug\link.13220.read.1.tlog
E:\SP Programming\Assignment1\Assignment1\Debug\link.13220.write.1.tlog
E:\SP Programming\Assignment1\Assignment1\Debug\link.13220-cvtres.read.1.tlog
E:\SP Programming\Assignment1\Assignment1\Debug\link.13220-cvtres.write.1.tlog
E:\SP Programming\Assignment1\Assignment1\Debug\link.2272.read.1.tlog
E:\SP Programming\Assignment1\Assignment1\Debug\link.2272.write.1.tlog
E:\SP Programming\Assignment1\Assignment1\Debug\link.2272-cvtres.read.1.tlog
E:\SP Programming\Assignment1\Assignment1\Debug\link.2272-cvtres.write.1.tlog
E:\SP Programming\Assignment1\Assignment1\Debug\link.2760.read.1.tlog
E:\SP Programming\Assignment1\Assignment1\Debug\link.2760.write.1.tlog
E:\SP Programming\Assignment1\Assignment1\Debug\link.2760-cvtres.read.1.tlog
E:\SP Programming\Assignment1\Assignment1\Debug\link.2760-cvtres.write.1.tlog
E:\SP Programming\Assignment1\Assignment1\Debug\link.6868.read.1.tlog
E:\SP Programming\Assignment1\Assignment1\Debug\link.6868.write.1.tlog
E:\SP Programming\Assignment1\Assignment1\Debug\link.6868-cvtres.read.1.tlog
E:\SP Programming\Assignment1\Assignment1\Debug\link.6868-cvtres.write.1.tlog
E:\SP Programming\Assignment1\Assignment1\Debug\link.7504.read.1.tlog
E:\SP Programming\Assignment1\Assignment1\Debug\link.7504.write.1.tlog
E:\SP Programming\Assignment1\Assignment1\Debug\link.7504-cvtres.read.1.tlog
E:\SP Programming\Assignment1\Assignment1\Debug\link.7504-cvtres.write.1.tlog
E:\SP Programming\Assignment1\Assignment1\Debug\link.9804.read.1.tlog
E:\SP Programming\Assignment1\Assignment1\Debug\link.9804.write.1.tlog
E:\SP Programming\Assignment1\Assignment1\Debug\link.9804-cvtres.read.1.tlog
E:\SP Programming\Assignment1\Assignment1\Debug\link.9804-cvtres.write.1.tlog
E:\SP Programming\Assignment1\Assignment1\Debug\link.command.1.tlog
E:\SP Programming\Assignment1\Assignment1\Debug\link.read.1.tlog
E:\SP Programming\Assignment1\Assignment1\Debug\link.write.1.tlog
E:\SP Programming\Assignment1\Assignment1\Debug\link-cvtres.read.1.tlog
E:\SP Programming\Assignment1\Assignment1\Debug\link-cvtres.write.1.tlog
E:\SP Programming\Assignment1\Assignment1\Debug\mt.command.1.tlog
E:\SP Programming\Assignment1\Assignment1\Debug\mt.read.1.tlog
E:\SP Programming\Assignment1\Assignment1\Debug\mt.write.1.tlog
E:\SP Programming\Assignment1\Assignment1\Debug\rc.command.1.tlog
E:\SP Programming\Assignment1\Assignment1\Debug\rc.read.1.tlog
E:\SP Programming\Assignment1\Assignment1\Debug\rc.write.1.tlog
E:\SP PROGRAMMING\ASSIGNMENT1\ASSIGNMENT1\DEBUG\STDAFX.OBJ
E:\SP Programming\Assignment1\Assignment1\Debug\vc100.idb
E:\SP PROGRAMMING\ASSIGNMENT1\ASSIGNMENT1\DEBUG\VC100.PDB
E:\SP PROGRAMMING\ASSIGNMENT1\DEBUG\ASSIGNMENT1.EXE
E:\SP PROGRAMMING\ASSIGNMENT1\DEBUG\ASSIGNMENT1.ILK
E:\SP PROGRAMMING\ASSIGNMENT1\DEBUG\ASSIGNMENT1.PDB
