E:\SP PROGRAMMING\KMEANS\DEBUG\KMEANS.EXE
E:\SP PROGRAMMING\KMEANS\DEBUG\KMEANS.ILK
E:\SP PROGRAMMING\KMEANS\DEBUG\KMEANS.PDB
E:\SP Programming\KMeans\KMeans\Debug\cl.command.1.tlog
E:\SP Programming\KMeans\KMeans\Debug\CL.read.1.tlog
E:\SP Programming\KMeans\KMeans\Debug\CL.write.1.tlog
E:\SP PROGRAMMING\KMEANS\KMEANS\DEBUG\KMEANS.EXE.EMBED.MANIFEST
E:\SP PROGRAMMING\KMEANS\KMEANS\DEBUG\KMEANS.EXE.EMBED.MANIFEST.RES
E:\SP PROGRAMMING\KMEANS\KMEANS\DEBUG\KMEANS.EXE.INTERMEDIATE.MANIFEST
E:\SP PROGRAMMING\KMEANS\KMEANS\DEBUG\KMEANS.OBJ
E:\SP PROGRAMMING\KMEANS\KMEANS\DEBUG\KMEANS.PCH
E:\SP Programming\KMeans\KMeans\Debug\KMeans.write.1.tlog
E:\SP Programming\KMeans\KMeans\Debug\KMeans_manifest.rc
E:\SP Programming\KMeans\KMeans\Debug\link.4340.read.1.tlog
E:\SP Programming\KMeans\KMeans\Debug\link.4340.write.1.tlog
E:\SP Programming\KMeans\KMeans\Debug\link.4340-cvtres.read.1.tlog
E:\SP Programming\KMeans\KMeans\Debug\link.4340-cvtres.write.1.tlog
E:\SP Programming\KMeans\KMeans\Debug\link.command.1.tlog
E:\SP Programming\KMeans\KMeans\Debug\link.read.1.tlog
E:\SP Programming\KMeans\KMeans\Debug\link.write.1.tlog
E:\SP Programming\KMeans\KMeans\Debug\link-cvtres.read.1.tlog
E:\SP Programming\KMeans\KMeans\Debug\link-cvtres.write.1.tlog
E:\SP Programming\KMeans\KMeans\Debug\mt.command.1.tlog
E:\SP Programming\KMeans\KMeans\Debug\mt.read.1.tlog
E:\SP Programming\KMeans\KMeans\Debug\mt.write.1.tlog
E:\SP Programming\KMeans\KMeans\Debug\rc.command.1.tlog
E:\SP Programming\KMeans\KMeans\Debug\rc.read.1.tlog
E:\SP Programming\KMeans\KMeans\Debug\rc.write.1.tlog
E:\SP PROGRAMMING\KMEANS\KMEANS\DEBUG\STDAFX.OBJ
E:\SP Programming\KMeans\KMeans\Debug\vc100.idb
E:\SP PROGRAMMING\KMEANS\KMEANS\DEBUG\VC100.PDB
